<?xml version="1.0" encoding="UTF-8"?>
<!-- Generated by org.testng.reporters.JUnitXMLReporter -->
<testsuite ignored="0" hostname="LAPTOP-G03JAPQR" failures="0" tests="6" name="Test" time="0.029" errors="0" timestamp="15 Nov 2020 12:47:43 GMT">
  <testcase classname="qaclickacademy.AppiumTest" name="browserAppium" time="0.007"/>
  <testcase classname="qaclickacademy.AppiumTest" name="elementUIAppium" time="0.0"/>
  <testcase classname="qaclickacademy.SeleniumTest" name="browserSelenium" time="0.001"/>
  <testcase classname="qaclickacademy.SeleniumTest" name="elementUISelenium" time="0.0"/>
  <testcase classname="qaclickacademy.RESTAPITest" name="browserRestAPI" time="0.001"/>
  <testcase classname="qaclickacademy.RESTAPITest" name="elementUIRestAPI" time="0.0"/>
</testsuite> <!-- Test -->
