<?xml version="1.0" encoding="UTF-8"?>
<testsuite xmlns:xsi="http://www.w3.org/2001/XMLSchema-instance" xsi:noNamespaceSchemaLocation="https://maven.apache.org/surefire/maven-surefire-plugin/xsd/surefire-test-report-3.0.xsd" version="3.0" name="TestSuite" time="0.8" tests="6" errors="0" skipped="0" failures="0">
  <properties>
[...]
</properties>
  <testcase name="browserAppium" classname="qaclickacademy.AppiumTest" time="0.003">
    <system-out><![CDATA[[TestNGContentHandler] [WARN] It is strongly recommended to add "<!DOCTYPE suite SYSTEM "http://testng.org/testng-1.0.dtd" >" at the top of your file, otherwise TestNG may fail or not work as expected.
browserAppium
]]></system-out>
  </testcase>
  <testcase name="elementUIAppium" classname="qaclickacademy.AppiumTest" time="0.001">
    <system-out><![CDATA[elementUIAppium
]]></system-out>
  </testcase>
  <testcase name="browserSelenium" classname="qaclickacademy.SeleniumTest" time="0.001">
    <system-out><![CDATA[browserSelenium
]]></system-out>
  </testcase>
  <testcase name="elementUISelenium" classname="qaclickacademy.SeleniumTest" time="0.002">
    <system-out><![CDATA[elementUISelenium
]]></system-out>
  </testcase>
  <testcase name="browserRestAPI" classname="qaclickacademy.RESTAPITest" time="0.004">
    <system-out><![CDATA[browserRestAPI
]]></system-out>
  </testcase>
  <testcase name="elementUIRestAPI" classname="qaclickacademy.RESTAPITest" time="0.001">
    <system-out><![CDATA[elementUIRestAPI
]]></system-out>
  </testcase>
</testsuite>