<?xml version="1.0" encoding="UTF-8"?>
<testng-results ignored="0" total="6" passed="6" failed="0" skipped="0">
  <reporter-output>
  </reporter-output>
  <suite started-at="2020-11-15T12:47:43Z" name="Suite" finished-at="2020-11-15T12:47:43Z" duration-ms="29">
    <groups>
    </groups>
    <test started-at="2020-11-15T12:47:43Z" name="Test" finished-at="2020-11-15T12:47:43Z" duration-ms="29">
      <class name="qaclickacademy.AppiumTest">
        <test-method signature="browserAppium()[pri:0, instance:qaclickacademy.AppiumTest@70e9c95d]" started-at="2020-11-15T12:47:43Z" name="browserAppium" finished-at="2020-11-15T12:47:43Z" duration-ms="7" status="PASS">
          <reporter-output>
          </reporter-output>
        </test-method> <!-- browserAppium -->
        <test-method signature="elementUIAppium()[pri:0, instance:qaclickacademy.AppiumTest@70e9c95d]" started-at="2020-11-15T12:47:43Z" name="elementUIAppium" finished-at="2020-11-15T12:47:43Z" duration-ms="0" status="PASS">
          <reporter-output>
          </reporter-output>
        </test-method> <!-- elementUIAppium -->
      </class> <!-- qaclickacademy.AppiumTest -->
      <class name="qaclickacademy.RESTAPITest">
        <test-method signature="browserRestAPI()[pri:0, instance:qaclickacademy.RESTAPITest@a38c7fe]" started-at="2020-11-15T12:47:43Z" name="browserRestAPI" finished-at="2020-11-15T12:47:43Z" duration-ms="1" status="PASS">
          <reporter-output>
          </reporter-output>
        </test-method> <!-- browserRestAPI -->
        <test-method signature="elementUIRestAPI()[pri:0, instance:qaclickacademy.RESTAPITest@a38c7fe]" started-at="2020-11-15T12:47:43Z" name="elementUIRestAPI" finished-at="2020-11-15T12:47:43Z" duration-ms="0" status="PASS">
          <reporter-output>
          </reporter-output>
        </test-method> <!-- elementUIRestAPI -->
      </class> <!-- qaclickacademy.RESTAPITest -->
      <class name="qaclickacademy.SeleniumTest">
        <test-method signature="browserSelenium()[pri:0, instance:qaclickacademy.SeleniumTest@4d5650ae]" started-at="2020-11-15T12:47:43Z" name="browserSelenium" finished-at="2020-11-15T12:47:43Z" duration-ms="1" status="PASS">
          <reporter-output>
          </reporter-output>
        </test-method> <!-- browserSelenium -->
        <test-method signature="elementUISelenium()[pri:0, instance:qaclickacademy.SeleniumTest@4d5650ae]" started-at="2020-11-15T12:47:43Z" name="elementUISelenium" finished-at="2020-11-15T12:47:43Z" duration-ms="0" status="PASS">
          <reporter-output>
          </reporter-output>
        </test-method> <!-- elementUISelenium -->
      </class> <!-- qaclickacademy.SeleniumTest -->
    </test> <!-- Test -->
  </suite> <!-- Suite -->
</testng-results>
